Arguments: 
  /home/vivek/.nvm/versions/node/v14.16.0/bin/node /home/vivek/.nvm/versions/node/v14.16.0/bin/yarn add ansiStyles

PATH: 
  /home/vivek/.wasmer/bin:/home/vivek/.wasmtime/bin:/home/vivek/.local/bin:/home/vivek/.nvm/versions/node/v14.16.0/bin:/home/vivek/.cargo/bin:/home/vivek/.local/bin:/home/vivek/bin:/usr/local/sbin:/usr/local/bin:/usr/sbin:/usr/bin:/sbin:/bin:/usr/games:/usr/local/games:/snap/bin:/home/vivek/workspace/saasbit/node_modules/.bin:/home/vivek/bin:/home/vivek/.wasmer/globals/wapm_packages/.bin

Yarn version: 
  1.22.11

Node version: 
  14.16.0

Platform: 
  linux x64

Trace: 
  Error: https://registry.yarnpkg.com/ansiStyles: Not found
      at Request.params.callback [as _callback] (/home/vivek/.nvm/versions/node/v14.16.0/lib/node_modules/yarn/lib/cli.js:66992:18)
      at Request.self.callback (/home/vivek/.nvm/versions/node/v14.16.0/lib/node_modules/yarn/lib/cli.js:140763:22)
      at Request.emit (events.js:315:20)
      at Request.<anonymous> (/home/vivek/.nvm/versions/node/v14.16.0/lib/node_modules/yarn/lib/cli.js:141735:10)
      at Request.emit (events.js:315:20)
      at IncomingMessage.<anonymous> (/home/vivek/.nvm/versions/node/v14.16.0/lib/node_modules/yarn/lib/cli.js:141657:12)
      at Object.onceWrapper (events.js:421:28)
      at IncomingMessage.emit (events.js:327:22)
      at endReadableNT (internal/streams/readable.js:1327:12)
      at processTicksAndRejections (internal/process/task_queues.js:80:21)

npm manifest: 
  {
    "name": "saasbit-cli",
    "version": "1.0.0",
    "description": "CLI for Saasbit projects",
    "main": "bin/index.js",
    "repository": "git@github.com:nirops/saasbit-cli.git",
    "author": "Vivek Agate <vivekagate@gmail.com>",
    "license": "MIT",
    "bin": {
      "saasbit-cli": "./bin/index.js"
    },
    "dependencies": {
      "chalk": "^5.1.2",
      "commander": "^9.4.1",
      "conf": "^10.2.0",
      "firebase": "^9.12.1"
    }
  }

yarn manifest: 
  No manifest

Lockfile: 
  # THIS IS AN AUTOGENERATED FILE. DO NOT EDIT THIS FILE DIRECTLY.
  # yarn lockfile v1
  
  
  "@firebase/analytics-compat@0.1.16":
    version "0.1.16"
    resolved "https://registry.npmjs.org/@firebase/analytics-compat/-/analytics-compat-0.1.16.tgz"
    integrity sha512-mDAhE33WiyCrqSQZvzyZtQCCdf4ipn5tsEpTbIUruk7MbThQ1EbNAbPBiEk9NDLD3sUyLABZGFctvym/hc8H+w==
    dependencies:
      "@firebase/analytics" "0.8.3"
      "@firebase/analytics-types" "0.7.0"
      "@firebase/component" "0.5.20"
      "@firebase/util" "1.7.2"
      tslib "^2.1.0"
  
  "@firebase/analytics-types@0.7.0":
    version "0.7.0"
    resolved "https://registry.npmjs.org/@firebase/analytics-types/-/analytics-types-0.7.0.tgz"
    integrity sha512-DNE2Waiwy5+zZnCfintkDtBfaW6MjIG883474v6Z0K1XZIvl76cLND4iv0YUb48leyF+PJK1KO2XrgHb/KpmhQ==
  
  "@firebase/analytics@0.8.3":
    version "0.8.3"
    resolved "https://registry.npmjs.org/@firebase/analytics/-/analytics-0.8.3.tgz"
    integrity sha512-viGhc57JW9zHp/0JKpLBUthdpOrEjbPETQFz8oNfaNma+cHA6FtIrtg4Sla52DgqatbATcE9aIDBiPCGrCtNjw==
    dependencies:
      "@firebase/component" "0.5.20"
      "@firebase/installations" "0.5.15"
      "@firebase/logger" "0.3.3"
      "@firebase/util" "1.7.2"
      tslib "^2.1.0"
  
  "@firebase/app-check-compat@0.2.15":
    version "0.2.15"
    resolved "https://registry.npmjs.org/@firebase/app-check-compat/-/app-check-compat-0.2.15.tgz"
    integrity sha512-EgD1WEFwwq7aP7DxPSYuUpMt8eAhClA57976D3BaHDbH/IXEuw0DfaeT0LtBb+xJD7J8uxy+YKpudCC8gzUu8g==
    dependencies:
      "@firebase/app-check" "0.5.15"
      "@firebase/app-check-types" "0.4.0"
      "@firebase/component" "0.5.20"
      "@firebase/logger" "0.3.3"
      "@firebase/util" "1.7.2"
      tslib "^2.1.0"
  
  "@firebase/app-check-interop-types@0.1.0":
    version "0.1.0"
    resolved "https://registry.npmjs.org/@firebase/app-check-interop-types/-/app-check-interop-types-0.1.0.tgz"
    integrity sha512-uZfn9s4uuRsaX5Lwx+gFP3B6YsyOKUE+Rqa6z9ojT4VSRAsZFko9FRn6OxQUA1z5t5d08fY4pf+/+Dkd5wbdbA==
  
  "@firebase/app-check-types@0.4.0":
    version "0.4.0"
    resolved "https://registry.npmjs.org/@firebase/app-check-types/-/app-check-types-0.4.0.tgz"
    integrity sha512-SsWafqMABIOu7zLgWbmwvHGOeQQVQlwm42kwwubsmfLmL4Sf5uGpBfDhQ0CAkpi7bkJ/NwNFKafNDL9prRNP0Q==
  
  "@firebase/app-check@0.5.15":
    version "0.5.15"
    resolved "https://registry.npmjs.org/@firebase/app-check/-/app-check-0.5.15.tgz"
    integrity sha512-ifQalGXkXMwGR3F8Glmo1XtDg0UjkwCmI/ff05mxnKGMfs5ZDyw8DikQfna//a/KdYuOBqxlBwS2BhHiobqUUg==
    dependencies:
      "@firebase/component" "0.5.20"
      "@firebase/logger" "0.3.3"
      "@firebase/util" "1.7.2"
      tslib "^2.1.0"
  
  "@firebase/app-compat@0.1.37":
    version "0.1.37"
    resolved "https://registry.npmjs.org/@firebase/app-compat/-/app-compat-0.1.37.tgz"
    integrity sha512-doTKYGlVc8ZiQNOl66rpkU/YItRyOxCgMp4YWThXkPM4T/pTi4a9IMCe8K88gVNeYWd8sKW4vSnxjcOG5hQXEA==
    dependencies:
      "@firebase/app" "0.8.2"
      "@firebase/component" "0.5.20"
      "@firebase/logger" "0.3.3"
      "@firebase/util" "1.7.2"
      tslib "^2.1.0"
  
  "@firebase/app-types@0.8.0":
    version "0.8.0"
    resolved "https://registry.npmjs.org/@firebase/app-types/-/app-types-0.8.0.tgz"
    integrity sha512-Lec3VVquUwXPn2UReGSsfTxuMBVRmzGIwA/CJnF0LQuPgv9kOmXk9mVqsDMfHxHtqjai0n6wWHR2TqjdVV/bYA==
  
  "@firebase/app@0.8.2":
    version "0.8.2"
    resolved "https://registry.npmjs.org/@firebase/app/-/app-0.8.2.tgz"
    integrity sha512-ByNDCe8h9O/szO3XVTrS484MtqBOKriVaNCQC7Y7KgZSaiA0OOWmIY5vwi63mBTYetqMNN5VGiG/6ZSmGIZyoQ==
    dependencies:
      "@firebase/component" "0.5.20"
      "@firebase/logger" "0.3.3"
      "@firebase/util" "1.7.2"
      idb "7.0.1"
      tslib "^2.1.0"
  
  "@firebase/auth-compat@0.2.23":
    version "0.2.23"
    resolved "https://registry.npmjs.org/@firebase/auth-compat/-/auth-compat-0.2.23.tgz"
    integrity sha512-r9YEXaL7YKoFOWHRvVoQ6d5klP+hkSsAtt21UIvP3/BxDDU+yLXN5vVvFHr38apuUeMGN34M7zkY6SihnLutIQ==
    dependencies:
      "@firebase/auth" "0.20.10"
      "@firebase/auth-types" "0.11.0"
      "@firebase/component" "0.5.20"
      "@firebase/util" "1.7.2"
      node-fetch "2.6.7"
      selenium-webdriver "4.1.2"
      tslib "^2.1.0"
  
  "@firebase/auth-interop-types@0.1.6":
    version "0.1.6"
    resolved "https://registry.npmjs.org/@firebase/auth-interop-types/-/auth-interop-types-0.1.6.tgz"
    integrity sha512-etIi92fW3CctsmR9e3sYM3Uqnoq861M0Id9mdOPF6PWIg38BXL5k4upCNBggGUpLIS0H1grMOvy/wn1xymwe2g==
  
  "@firebase/auth-types@0.11.0":
    version "0.11.0"
    resolved "https://registry.npmjs.org/@firebase/auth-types/-/auth-types-0.11.0.tgz"
    integrity sha512-q7Bt6cx+ySj9elQHTsKulwk3+qDezhzRBFC9zlQ1BjgMueUOnGMcvqmU0zuKlQ4RhLSH7MNAdBV2znVaoN3Vxw==
  
  "@firebase/auth@0.20.10":
    version "0.20.10"
    resolved "https://registry.npmjs.org/@firebase/auth/-/auth-0.20.10.tgz"
    integrity sha512-uAZypmVv/4nijaPVtR/ipjKBmSDPLQ7sNScLHs2DVhdvCklgUUF5+zsEdPlMfKDIfmVQHFwHbUgeKyXDYSRMwQ==
    dependencies:
      "@firebase/component" "0.5.20"
      "@firebase/logger" "0.3.3"
      "@firebase/util" "1.7.2"
      node-fetch "2.6.7"
      selenium-webdriver "4.1.2"
      tslib "^2.1.0"
  
  "@firebase/component@0.5.20":
    version "0.5.20"
    resolved "https://registry.npmjs.org/@firebase/component/-/component-0.5.20.tgz"
    integrity sha512-wP51tQBlPFprfAWxWjzC/56hG4APhl43jFsgwuqCl3bhVbiKcr278QbrbGNmIXDeGKo4sGZLAnH9whl2apeCmA==
    dependencies:
      "@firebase/util" "1.7.2"
      tslib "^2.1.0"
  
  "@firebase/database-compat@0.2.9":
    version "0.2.9"
    resolved "https://registry.npmjs.org/@firebase/database-compat/-/database-compat-0.2.9.tgz"
    integrity sha512-zzyFM3+jW/qYtHojiQirHXGXYyElbqVngEEn/i2gXoSzcK0Y2AL5oHAqGYXLaaW0+t4Zwnssh3HnQJM8C1D0fw==
    dependencies:
      "@firebase/component" "0.5.20"
      "@firebase/database" "0.13.9"
      "@firebase/database-types" "0.9.16"
      "@firebase/logger" "0.3.3"
      "@firebase/util" "1.7.2"
      tslib "^2.1.0"
  
  "@firebase/database-types@0.9.16":
    version "0.9.16"
    resolved "https://registry.npmjs.org/@firebase/database-types/-/database-types-0.9.16.tgz"
    integrity sha512-dK/uFgHisrVijSoHf9RLJ7NwvlOul2rO/z9ufOSbGd8/TqFVASXz+19mynhDIoSEnyQtJC/NTyBzSPfjz0w61w==
    dependencies:
      "@firebase/app-types" "0.8.0"
      "@firebase/util" "1.7.2"
  
  "@firebase/database@0.13.9":
    version "0.13.9"
    resolved "https://registry.npmjs.org/@firebase/database/-/database-0.13.9.tgz"
    integrity sha512-raQEBgQQybaEoMloJL8wWHQywGQ9mF2VbitvHydsbSNn+KL/xRDjXeQZPuuSbRjkYV6mR8jvQB7gpnzQQNE8Qg==
    dependencies:
      "@firebase/auth-interop-types" "0.1.6"
      "@firebase/component" "0.5.20"
      "@firebase/logger" "0.3.3"
      "@firebase/util" "1.7.2"
      faye-websocket "0.11.4"
      tslib "^2.1.0"
  
  "@firebase/firestore-compat@0.2.1":
    version "0.2.1"
    resolved "https://registry.npmjs.org/@firebase/firestore-compat/-/firestore-compat-0.2.1.tgz"
    integrity sha512-XiiTpmUfyZ6QU3Dw9BCT4T+KPvqzada1GsUNX49HmriWHpIn3jTAjsagkigRAnmNDlxS3ki6Yzg9Cs60tpD0tw==
    dependencies:
      "@firebase/component" "0.5.20"
      "@firebase/firestore" "3.7.1"
      "@firebase/firestore-types" "2.5.0"
      "@firebase/util" "1.7.2"
      tslib "^2.1.0"
  
  "@firebase/firestore-types@2.5.0":
    version "2.5.0"
    resolved "https://registry.npmjs.org/@firebase/firestore-types/-/firestore-types-2.5.0.tgz"
    integrity sha512-I6c2m1zUhZ5SH0cWPmINabDyH5w0PPFHk2UHsjBpKdZllzJZ2TwTkXbDtpHUZNmnc/zAa0WNMNMvcvbb/xJLKA==
  
  "@firebase/firestore@3.7.1":
    version "3.7.1"
    resolved "https://registry.npmjs.org/@firebase/firestore/-/firestore-3.7.1.tgz"
    integrity sha512-sDZ79cUf4cwCyRzN74zODgaeUvyt0lGA8YwaasVVqojgznwMG/bIz+/Tny4ZEnLZFrlniCqt2tStWsiC6s3u7g==
    dependencies:
      "@firebase/component" "0.5.20"
      "@firebase/logger" "0.3.3"
      "@firebase/util" "1.7.2"
      "@firebase/webchannel-wrapper" "0.8.0"
      "@grpc/grpc-js" "^1.3.2"
      "@grpc/proto-loader" "^0.6.13"
      node-fetch "2.6.7"
      tslib "^2.1.0"
  
  "@firebase/functions-compat@0.2.7":
    version "0.2.7"
    resolved "https://registry.npmjs.org/@firebase/functions-compat/-/functions-compat-0.2.7.tgz"
    integrity sha512-bcUst8ZDJHeVy2Wox4KEM5EizsrrqLzbwFIwJD7KkuSYP8XrlV2gaqJnCvIXXc0Nc4JRGvbXcvFFMXDjhsEp4Q==
    dependencies:
      "@firebase/component" "0.5.20"
      "@firebase/functions" "0.8.7"
      "@firebase/functions-types" "0.5.0"
      "@firebase/util" "1.7.2"
      tslib "^2.1.0"
  
  "@firebase/functions-types@0.5.0":
    version "0.5.0"
    resolved "https://registry.npmjs.org/@firebase/functions-types/-/functions-types-0.5.0.tgz"
    integrity sha512-qza0M5EwX+Ocrl1cYI14zoipUX4gI/Shwqv0C1nB864INAD42Dgv4v94BCyxGHBg2kzlWy8PNafdP7zPO8aJQA==
  
  "@firebase/functions@0.8.7":
    version "0.8.7"
    resolved "https://registry.npmjs.org/@firebase/functions/-/functions-0.8.7.tgz"
    integrity sha512-JHSKdAOzlFJ9NdKoOaq4x6S1q6B3GmYZDg13KIDsE6BC0E9o/eWxOWOjSFJRCP/lpfFwa0rYBRayfUvZxW3BLw==
    dependencies:
      "@firebase/app-check-interop-types" "0.1.0"
      "@firebase/auth-interop-types" "0.1.6"
      "@firebase/component" "0.5.20"
      "@firebase/messaging-interop-types" "0.1.0"
      "@firebase/util" "1.7.2"
      node-fetch "2.6.7"
      tslib "^2.1.0"
  
  "@firebase/installations-compat@0.1.15":
    version "0.1.15"
    resolved "https://registry.npmjs.org/@firebase/installations-compat/-/installations-compat-0.1.15.tgz"
    integrity sha512-m0atyudsVj6ekmM+djhhzzInMC3Y233YJky9vXUVt5MHQY0mHhqDds9+UIrCa6cpbl+ntI2fOuoYV7y01s3sfw==
    dependencies:
      "@firebase/component" "0.5.20"
      "@firebase/installations" "0.5.15"
      "@firebase/installations-types" "0.4.0"
      "@firebase/util" "1.7.2"
      tslib "^2.1.0"
  
  "@firebase/installations-types@0.4.0":
    version "0.4.0"
    resolved "https://registry.npmjs.org/@firebase/installations-types/-/installations-types-0.4.0.tgz"
    integrity sha512-nXxWKQDvBGctuvsizbUEJKfxXU9WAaDhon+j0jpjIfOJkvkj3YHqlLB/HeYjpUn85Pb22BjplpTnDn4Gm9pc3A==
  
  "@firebase/installations@0.5.15":
    version "0.5.15"
    resolved "https://registry.npmjs.org/@firebase/installations/-/installations-0.5.15.tgz"
    integrity sha512-RVm2nc2d+bEDFzFzQDTTU1Z13fjAD0v88yDLjtRZuT2R7JwvAegQ4F7CupBvnnf7nftkd3kBwdOi8MhMthb3jQ==
    dependencies:
      "@firebase/component" "0.5.20"
      "@firebase/util" "1.7.2"
      idb "7.0.1"
      tslib "^2.1.0"
  
  "@firebase/logger@0.3.3":
    version "0.3.3"
    resolved "https://registry.npmjs.org/@firebase/logger/-/logger-0.3.3.tgz"
    integrity sha512-POTJl07jOKTOevLXrTvJD/VZ0M6PnJXflbAh5J9VGkmtXPXNG6MdZ9fmRgqYhXKTaDId6AQenQ262uwgpdtO0Q==
    dependencies:
      tslib "^2.1.0"
  
  "@firebase/messaging-compat@0.1.19":
    version "0.1.19"
    resolved "https://registry.npmjs.org/@firebase/messaging-compat/-/messaging-compat-0.1.19.tgz"
    integrity sha512-h5tx4nxfSILeRquk5mKE8Onu7WtL6b7rfB6GKNJKecvkPs3nnq5Z4cp2Av4JUR2Wtt9UxCTfO0iRbbmtrt2bZQ==
    dependencies:
      "@firebase/component" "0.5.20"
      "@firebase/messaging" "0.9.19"
      "@firebase/util" "1.7.2"
      tslib "^2.1.0"
  
  "@firebase/messaging-interop-types@0.1.0":
    version "0.1.0"
    resolved "https://registry.npmjs.org/@firebase/messaging-interop-types/-/messaging-interop-types-0.1.0.tgz"
    integrity sha512-DbvUl/rXAZpQeKBnwz0NYY5OCqr2nFA0Bj28Fmr3NXGqR4PAkfTOHuQlVtLO1Nudo3q0HxAYLa68ZDAcuv2uKQ==
  
  "@firebase/messaging@0.9.19":
    version "0.9.19"
    resolved "https://registry.npmjs.org/@firebase/messaging/-/messaging-0.9.19.tgz"
    integrity sha512-xu99y/7/P+y3txGtgjsVJZyvx7T5/KdvFgDWS7oZwhKYG0o+DXFvvw3SBMK82LFGFOoyHlJUPqv45EyCPnOPCA==
    dependencies:
      "@firebase/component" "0.5.20"
      "@firebase/installations" "0.5.15"
      "@firebase/messaging-interop-types" "0.1.0"
      "@firebase/util" "1.7.2"
      idb "7.0.1"
      tslib "^2.1.0"
  
  "@firebase/performance-compat@0.1.15":
    version "0.1.15"
    resolved "https://registry.npmjs.org/@firebase/performance-compat/-/performance-compat-0.1.15.tgz"
    integrity sha512-mryHr5eBEpWxBo8b3KM/53SwwVjMVahwdEnhfx1r+zAvmEPEzXUOGBzAC1l5WQ4DrwtDR87uMZ5soiQ/0jl9QQ==
    dependencies:
      "@firebase/component" "0.5.20"
      "@firebase/logger" "0.3.3"
      "@firebase/performance" "0.5.15"
      "@firebase/performance-types" "0.1.0"
      "@firebase/util" "1.7.2"
      tslib "^2.1.0"
  
  "@firebase/performance-types@0.1.0":
    version "0.1.0"
    resolved "https://registry.npmjs.org/@firebase/performance-types/-/performance-types-0.1.0.tgz"
    integrity sha512-6p1HxrH0mpx+622Ql6fcxFxfkYSBpE3LSuwM7iTtYU2nw91Hj6THC8Bc8z4nboIq7WvgsT/kOTYVVZzCSlXl8w==
  
  "@firebase/performance@0.5.15":
    version "0.5.15"
    resolved "https://registry.npmjs.org/@firebase/performance/-/performance-0.5.15.tgz"
    integrity sha512-YnnkUehXXzqQefNE5PlPEsXeJYSeY7cMWEdHYTj6u0/F5ntLSAhVZC8jl3Y0fTU1W8a9USQhml6NaXyWiVGmjQ==
    dependencies:
      "@firebase/component" "0.5.20"
      "@firebase/installations" "0.5.15"
      "@firebase/logger" "0.3.3"
      "@firebase/util" "1.7.2"
      tslib "^2.1.0"
  
  "@firebase/remote-config-compat@0.1.15":
    version "0.1.15"
    resolved "https://registry.npmjs.org/@firebase/remote-config-compat/-/remote-config-compat-0.1.15.tgz"
    integrity sha512-jGUrZXIxQRMeSrqEaCi3MtMF33NN12TNTQDZlbex2+T2+yTMI/sn3Mq52T/OccCo86DK17WVlXSWQCH1zCD13g==
    dependencies:
      "@firebase/component" "0.5.20"
      "@firebase/logger" "0.3.3"
      "@firebase/remote-config" "0.3.14"
      "@firebase/remote-config-types" "0.2.0"
      "@firebase/util" "1.7.2"
      tslib "^2.1.0"
  
  "@firebase/remote-config-types@0.2.0":
    version "0.2.0"
    resolved "https://registry.npmjs.org/@firebase/remote-config-types/-/remote-config-types-0.2.0.tgz"
    integrity sha512-hqK5sCPeZvcHQ1D6VjJZdW6EexLTXNMJfPdTwbD8NrXUw6UjWC4KWhLK/TSlL0QPsQtcKRkaaoP+9QCgKfMFPw==
  
  "@firebase/remote-config@0.3.14":
    version "0.3.14"
    resolved "https://registry.npmjs.org/@firebase/remote-config/-/remote-config-0.3.14.tgz"
    integrity sha512-wEOz3Tasxhr5lCGioe0WNZwDOoQhNZK2qGAm5+AlHAPaAhWIWvqUTkKsk3nFRztyRZzj3r9k5Gc2OSpEcQKP1A==
    dependencies:
      "@firebase/component" "0.5.20"
      "@firebase/installations" "0.5.15"
      "@firebase/logger" "0.3.3"
      "@firebase/util" "1.7.2"
      tslib "^2.1.0"
  
  "@firebase/storage-compat@0.1.20":
    version "0.1.20"
    resolved "https://registry.npmjs.org/@firebase/storage-compat/-/storage-compat-0.1.20.tgz"
    integrity sha512-8vruwltKdvEPhYbPXA/otb5fAD7MGsBHpCzktJWvF7eIALa4sUlYt+jJxG5Nwk2FoT1NrwLQ7TtI7zvm6/NinA==
    dependencies:
      "@firebase/component" "0.5.20"
      "@firebase/storage" "0.9.12"
      "@firebase/storage-types" "0.6.0"
      "@firebase/util" "1.7.2"
      tslib "^2.1.0"
  
  "@firebase/storage-types@0.6.0":
    version "0.6.0"
    resolved "https://registry.npmjs.org/@firebase/storage-types/-/storage-types-0.6.0.tgz"
    integrity sha512-1LpWhcCb1ftpkP/akhzjzeFxgVefs6eMD2QeKiJJUGH1qOiows2w5o0sKCUSQrvrRQS1lz3SFGvNR1Ck/gqxeA==
  
  "@firebase/storage@0.9.12":
    version "0.9.12"
    resolved "https://registry.npmjs.org/@firebase/storage/-/storage-0.9.12.tgz"
    integrity sha512-XIAmje0ufvRrxrUU/9tvGCuUIy7WSJf3XM8Y8OV9EW2Dg1w4f8IpraLiUdlirdtFM0UAnO2kDQHoiVQYhRrADQ==
    dependencies:
      "@firebase/component" "0.5.20"
      "@firebase/util" "1.7.2"
      node-fetch "2.6.7"
      tslib "^2.1.0"
  
  "@firebase/util@1.7.2":
    version "1.7.2"
    resolved "https://registry.npmjs.org/@firebase/util/-/util-1.7.2.tgz"
    integrity sha512-P3aTihYEMoz2QQlcn0T7av7HLEK9gsTc1ZiN9VA8wnUtEJscUNemCmTmP3RRysqEb3Z+tVVoycztY8f6R36rRw==
    dependencies:
      tslib "^2.1.0"
  
  "@firebase/webchannel-wrapper@0.8.0":
    version "0.8.0"
    resolved "https://registry.npmjs.org/@firebase/webchannel-wrapper/-/webchannel-wrapper-0.8.0.tgz"
    integrity sha512-Q8erQds5LuAUgNuFOt/tu/abffYUHYxN+Ogp2V5EOssfFG7Ja4ce324Sqyq41u/vB5CSr+tfYS3JzTDrDxCvdw==
  
  "@grpc/grpc-js@^1.3.2":
    version "1.7.3"
    resolved "https://registry.npmjs.org/@grpc/grpc-js/-/grpc-js-1.7.3.tgz"
    integrity sha512-H9l79u4kJ2PVSxUNA08HMYAnUBLj9v6KjYQ7SQ71hOZcEXhShE/y5iQCesP8+6/Ik/7i2O0a10bPquIcYfufog==
    dependencies:
      "@grpc/proto-loader" "^0.7.0"
      "@types/node" ">=12.12.47"
  
  "@grpc/proto-loader@^0.6.13":
    version "0.6.13"
    resolved "https://registry.npmjs.org/@grpc/proto-loader/-/proto-loader-0.6.13.tgz"
    integrity sha512-FjxPYDRTn6Ec3V0arm1FtSpmP6V50wuph2yILpyvTKzjc76oDdoihXqM1DzOW5ubvCC8GivfCnNtfaRE8myJ7g==
    dependencies:
      "@types/long" "^4.0.1"
      lodash.camelcase "^4.3.0"
      long "^4.0.0"
      protobufjs "^6.11.3"
      yargs "^16.2.0"
  
  "@grpc/proto-loader@^0.7.0":
    version "0.7.3"
    resolved "https://registry.npmjs.org/@grpc/proto-loader/-/proto-loader-0.7.3.tgz"
    integrity sha512-5dAvoZwna2Py3Ef96Ux9jIkp3iZ62TUsV00p3wVBPNX5K178UbNi8Q7gQVqwXT1Yq9RejIGG9G2IPEo93T6RcA==
    dependencies:
      "@types/long" "^4.0.1"
      lodash.camelcase "^4.3.0"
      long "^4.0.0"
      protobufjs "^7.0.0"
      yargs "^16.2.0"
  
  "@protobufjs/aspromise@^1.1.1", "@protobufjs/aspromise@^1.1.2":
    version "1.1.2"
    resolved "https://registry.npmjs.org/@protobufjs/aspromise/-/aspromise-1.1.2.tgz"
    integrity sha512-j+gKExEuLmKwvz3OgROXtrJ2UG2x8Ch2YZUxahh+s1F2HZ+wAceUNLkvy6zKCPVRkU++ZWQrdxsUeQXmcg4uoQ==
  
  "@protobufjs/base64@^1.1.2":
    version "1.1.2"
    resolved "https://registry.npmjs.org/@protobufjs/base64/-/base64-1.1.2.tgz"
    integrity sha512-AZkcAA5vnN/v4PDqKyMR5lx7hZttPDgClv83E//FMNhR2TMcLUhfRUBHCmSl0oi9zMgDDqRUJkSxO3wm85+XLg==
  
  "@protobufjs/codegen@^2.0.4":
    version "2.0.4"
    resolved "https://registry.npmjs.org/@protobufjs/codegen/-/codegen-2.0.4.tgz"
    integrity sha512-YyFaikqM5sH0ziFZCN3xDC7zeGaB/d0IUb9CATugHWbd1FRFwWwt4ld4OYMPWu5a3Xe01mGAULCdqhMlPl29Jg==
  
  "@protobufjs/eventemitter@^1.1.0":
    version "1.1.0"
    resolved "https://registry.npmjs.org/@protobufjs/eventemitter/-/eventemitter-1.1.0.tgz"
    integrity sha512-j9ednRT81vYJ9OfVuXG6ERSTdEL1xVsNgqpkxMsbIabzSo3goCjDIveeGv5d03om39ML71RdmrGNjG5SReBP/Q==
  
  "@protobufjs/fetch@^1.1.0":
    version "1.1.0"
    resolved "https://registry.npmjs.org/@protobufjs/fetch/-/fetch-1.1.0.tgz"
    integrity sha512-lljVXpqXebpsijW71PZaCYeIcE5on1w5DlQy5WH6GLbFryLUrBD4932W/E2BSpfRJWseIL4v/KPgBFxDOIdKpQ==
    dependencies:
      "@protobufjs/aspromise" "^1.1.1"
      "@protobufjs/inquire" "^1.1.0"
  
  "@protobufjs/float@^1.0.2":
    version "1.0.2"
    resolved "https://registry.npmjs.org/@protobufjs/float/-/float-1.0.2.tgz"
    integrity sha512-Ddb+kVXlXst9d+R9PfTIxh1EdNkgoRe5tOX6t01f1lYWOvJnSPDBlG241QLzcyPdoNTsblLUdujGSE4RzrTZGQ==
  
  "@protobufjs/inquire@^1.1.0":
    version "1.1.0"
    resolved "https://registry.npmjs.org/@protobufjs/inquire/-/inquire-1.1.0.tgz"
    integrity sha512-kdSefcPdruJiFMVSbn801t4vFK7KB/5gd2fYvrxhuJYg8ILrmn9SKSX2tZdV6V+ksulWqS7aXjBcRXl3wHoD9Q==
  
  "@protobufjs/path@^1.1.2":
    version "1.1.2"
    resolved "https://registry.npmjs.org/@protobufjs/path/-/path-1.1.2.tgz"
    integrity sha512-6JOcJ5Tm08dOHAbdR3GrvP+yUUfkjG5ePsHYczMFLq3ZmMkAD98cDgcT2iA1lJ9NVwFd4tH/iSSoe44YWkltEA==
  
  "@protobufjs/pool@^1.1.0":
    version "1.1.0"
    resolved "https://registry.npmjs.org/@protobufjs/pool/-/pool-1.1.0.tgz"
    integrity sha512-0kELaGSIDBKvcgS4zkjz1PeddatrjYcmMWOlAuAPwAeccUrPHdUqo/J6LiymHHEiJT5NrF1UVwxY14f+fy4WQw==
  
  "@protobufjs/utf8@^1.1.0":
    version "1.1.0"
    resolved "https://registry.npmjs.org/@protobufjs/utf8/-/utf8-1.1.0.tgz"
    integrity sha512-Vvn3zZrhQZkkBE8LSuW3em98c0FwgO4nxzv6OdSxPKJIEKY2bGbHn+mhGIPerzI4twdxaP8/0+06HBpwf345Lw==
  
  "@types/long@^4.0.1":
    version "4.0.2"
    resolved "https://registry.npmjs.org/@types/long/-/long-4.0.2.tgz"
    integrity sha512-MqTGEo5bj5t157U6fA/BiDynNkn0YknVdh48CMPkTSpFTVmvao5UQmm7uEF6xBEo7qIMAlY/JSleYaE6VOdpaA==
  
  "@types/node@>=12.12.47", "@types/node@>=13.7.0":
    version "18.11.3"
    resolved "https://registry.npmjs.org/@types/node/-/node-18.11.3.tgz"
    integrity sha512-fNjDQzzOsZeKZu5NATgXUPsaFaTxeRgFXoosrHivTl8RGeV733OLawXsGfEk9a8/tySyZUyiZ6E8LcjPFZ2y1A==
  
  ajv-formats@^2.1.1:
    version "2.1.1"
    resolved "https://registry.yarnpkg.com/ajv-formats/-/ajv-formats-2.1.1.tgz#6e669400659eb74973bbf2e33327180a0996b520"
    integrity sha512-Wx0Kx52hxE7C18hkMEggYlEifqWZtYaRgouJor+WMdPnQyEK13vgEWyVNup7SoeeoLMsr4kf5h6dOW11I15MUA==
    dependencies:
      ajv "^8.0.0"
  
  ajv@^8.0.0, ajv@^8.6.3:
    version "8.11.0"
    resolved "https://registry.yarnpkg.com/ajv/-/ajv-8.11.0.tgz#977e91dd96ca669f54a11e23e378e33b884a565f"
    integrity sha512-wGgprdCvMalC0BztXvitD2hC04YffAvtsUn93JbGXYLAtCUO4xd17mCCZQxUOItiBwZvJScWo8NIvQMQ71rdpg==
    dependencies:
      fast-deep-equal "^3.1.1"
      json-schema-traverse "^1.0.0"
      require-from-string "^2.0.2"
      uri-js "^4.2.2"
  
  ansi-regex@^5.0.1:
    version "5.0.1"
    resolved "https://registry.npmjs.org/ansi-regex/-/ansi-regex-5.0.1.tgz"
    integrity sha512-quJQXlTSUGL2LH9SUXo8VwsY4soanhgo6LNSm84E1LBcE8s3O0wpdiRzyR9z/ZZJMlMWv37qOOb9pdJlMUEKFQ==
  
  ansi-styles@^4.0.0:
    version "4.3.0"
    resolved "https://registry.npmjs.org/ansi-styles/-/ansi-styles-4.3.0.tgz"
    integrity sha512-zbB9rCJAT1rbjiVDb2hqKFHNYLxgtk8NURxZ3IZwD3F6NtxbXZQCnnSi1Lkx+IDohdPlFp222wVALIheZJQSEg==
    dependencies:
      color-convert "^2.0.1"
  
  atomically@^1.7.0:
    version "1.7.0"
    resolved "https://registry.yarnpkg.com/atomically/-/atomically-1.7.0.tgz#c07a0458432ea6dbc9a3506fffa424b48bccaafe"
    integrity sha512-Xcz9l0z7y9yQ9rdDaxlmaI4uJHf/T8g9hOEzJcsEqX2SjCj4J20uK7+ldkDHMbpJDK76wF7xEIgxc/vSlsfw5w==
  
  balanced-match@^1.0.0:
    version "1.0.2"
    resolved "https://registry.npmjs.org/balanced-match/-/balanced-match-1.0.2.tgz"
    integrity sha512-3oSeUO0TMV67hN1AmbXsK4yaqU7tjiHlbxRDZOpH0KW9+CeX4bRAaX0Anxt0tx2MrpRpWwQaPwIlISEJhYU5Pw==
  
  brace-expansion@^1.1.7:
    version "1.1.11"
    resolved "https://registry.npmjs.org/brace-expansion/-/brace-expansion-1.1.11.tgz"
    integrity sha512-iCuPHDFgrHX7H2vEI/5xpz07zSHB00TpugqhmYtVmMO6518mCuRMoOYFldEBl0g187ufozdaHgWKcYFb61qGiA==
    dependencies:
      balanced-match "^1.0.0"
      concat-map "0.0.1"
  
  chalk@^5.1.2:
    version "5.1.2"
    resolved "https://registry.yarnpkg.com/chalk/-/chalk-5.1.2.tgz#d957f370038b75ac572471e83be4c5ca9f8e8c45"
    integrity sha512-E5CkT4jWURs1Vy5qGJye+XwCkNj7Od3Af7CP6SujMetSMkLs8Do2RWJK5yx1wamHV/op8Rz+9rltjaTQWDnEFQ==
  
  cliui@^7.0.2:
    version "7.0.4"
    resolved "https://registry.npmjs.org/cliui/-/cliui-7.0.4.tgz"
    integrity sha512-OcRE68cOsVMXp1Yvonl/fzkQOyjLSu/8bhPDfQt0e0/Eb283TKP20Fs2MqoPsr9SwA595rRCA+QMzYc9nBP+JQ==
    dependencies:
      string-width "^4.2.0"
      strip-ansi "^6.0.0"
      wrap-ansi "^7.0.0"
  
  color-convert@^2.0.1:
    version "2.0.1"
    resolved "https://registry.npmjs.org/color-convert/-/color-convert-2.0.1.tgz"
    integrity sha512-RRECPsj7iu/xb5oKYcsFHSppFNnsj/52OVTRKb4zP5onXwVF3zVmmToNcOfGC+CRDpfK/U584fMg38ZHCaElKQ==
    dependencies:
      color-name "~1.1.4"
  
  color-name@~1.1.4:
    version "1.1.4"
    resolved "https://registry.npmjs.org/color-name/-/color-name-1.1.4.tgz"
    integrity sha512-dOy+3AuW3a2wNbZHIuMZpTcgjGuLU/uBL/ubcZF9OXbDo8ff4O8yVp5Bf0efS8uEoYo5q4Fx7dY9OgQGXgAsQA==
  
  commander@^9.4.1:
    version "9.4.1"
    resolved "https://registry.yarnpkg.com/commander/-/commander-9.4.1.tgz#d1dd8f2ce6faf93147295c0df13c7c21141cfbdd"
    integrity sha512-5EEkTNyHNGFPD2H+c/dXXfQZYa/scCKasxWcXJaWnNJ99pnQN9Vnmqow+p+PlFPE63Q6mThaZws1T+HxfpgtPw==
  
  concat-map@0.0.1:
    version "0.0.1"
    resolved "https://registry.npmjs.org/concat-map/-/concat-map-0.0.1.tgz"
    integrity sha512-/Srv4dswyQNBfohGpz9o6Yb3Gz3SrUDqBH5rTuhGR7ahtlbYKnVxw2bCFMRljaA7EXHaXZ8wsHdodFvbkhKmqg==
  
  conf@^10.2.0:
    version "10.2.0"
    resolved "https://registry.yarnpkg.com/conf/-/conf-10.2.0.tgz#838e757be963f1a2386dfe048a98f8f69f7b55d6"
    integrity sha512-8fLl9F04EJqjSqH+QjITQfJF8BrOVaYr1jewVgSRAEWePfxT0sku4w2hrGQ60BC/TNLGQ2pgxNlTbWQmMPFvXg==
    dependencies:
      ajv "^8.6.3"
      ajv-formats "^2.1.1"
      atomically "^1.7.0"
      debounce-fn "^4.0.0"
      dot-prop "^6.0.1"
      env-paths "^2.2.1"
      json-schema-typed "^7.0.3"
      onetime "^5.1.2"
      pkg-up "^3.1.0"
      semver "^7.3.5"
  
  core-util-is@~1.0.0:
    version "1.0.3"
    resolved "https://registry.npmjs.org/core-util-is/-/core-util-is-1.0.3.tgz"
    integrity sha512-ZQBvi1DcpJ4GDqanjucZ2Hj3wEO5pZDS89BWbkcrvdxksJorwUDDZamX9ldFkp9aw2lmBDLgkObEA4DWNJ9FYQ==
  
  debounce-fn@^4.0.0:
    version "4.0.0"
    resolved "https://registry.yarnpkg.com/debounce-fn/-/debounce-fn-4.0.0.tgz#ed76d206d8a50e60de0dd66d494d82835ffe61c7"
    integrity sha512-8pYCQiL9Xdcg0UPSD3d+0KMlOjp+KGU5EPwYddgzQ7DATsg4fuUDjQtsYLmWjnk2obnNHgV3vE2Y4jejSOJVBQ==
    dependencies:
      mimic-fn "^3.0.0"
  
  dot-prop@^6.0.1:
    version "6.0.1"
    resolved "https://registry.yarnpkg.com/dot-prop/-/dot-prop-6.0.1.tgz#fc26b3cf142b9e59b74dbd39ed66ce620c681083"
    integrity sha512-tE7ztYzXHIeyvc7N+hR3oi7FIbf/NIjVP9hmAt3yMXzrQ072/fpjGLx2GxNxGxUl5V73MEqYzioOMoVhGMJ5cA==
    dependencies:
      is-obj "^2.0.0"
  
  emoji-regex@^8.0.0:
    version "8.0.0"
    resolved "https://registry.npmjs.org/emoji-regex/-/emoji-regex-8.0.0.tgz"
    integrity sha512-MSjYzcWNOA0ewAHpz0MxpYFvwg6yjy1NG3xteoqz644VCo/RPgnr1/GGt+ic3iJTzQ8Eu3TdM14SawnVUmGE6A==
  
  env-paths@^2.2.1:
    version "2.2.1"
    resolved "https://registry.yarnpkg.com/env-paths/-/env-paths-2.2.1.tgz#420399d416ce1fbe9bc0a07c62fa68d67fd0f8f2"
    integrity sha512-+h1lkLKhZMTYjog1VEpJNG7NZJWcuc2DDk/qsqSTRRCOXiLjeQ1d1/udrUGhqMxUgAlwKNZ0cf2uqan5GLuS2A==
  
  escalade@^3.1.1:
    version "3.1.1"
    resolved "https://registry.npmjs.org/escalade/-/escalade-3.1.1.tgz"
    integrity sha512-k0er2gUkLf8O0zKJiAhmkTnJlTvINGv7ygDNPbeIsX/TJjGJZHuh9B2UxbsaEkmlEo9MfhrSzmhIlhRlI2GXnw==
  
  fast-deep-equal@^3.1.1:
    version "3.1.3"
    resolved "https://registry.yarnpkg.com/fast-deep-equal/-/fast-deep-equal-3.1.3.tgz#3a7d56b559d6cbc3eb512325244e619a65c6c525"
    integrity sha512-f3qQ9oQy9j2AhBe/H9VC91wLmKBCCU/gDOnKNAYG5hswO7BLKj09Hc5HYNz9cGI++xlpDCIgDaitVs03ATR84Q==
  
  faye-websocket@0.11.4:
    version "0.11.4"
    resolved "https://registry.npmjs.org/faye-websocket/-/faye-websocket-0.11.4.tgz"
    integrity sha512-CzbClwlXAuiRQAlUyfqPgvPoNKTckTPGfwZV4ZdAhVcP2lh9KUxJg2b5GkE7XbjKQ3YJnQ9z6D9ntLAlB+tP8g==
    dependencies:
      websocket-driver ">=0.5.1"
  
  find-up@^3.0.0:
    version "3.0.0"
    resolved "https://registry.yarnpkg.com/find-up/-/find-up-3.0.0.tgz#49169f1d7993430646da61ecc5ae355c21c97b73"
    integrity sha512-1yD6RmLI1XBfxugvORwlck6f75tYL+iR0jqwsOrOxMZyGYqUuDhJ0l4AXdO1iX/FTs9cBAMEk1gWSEx1kSbylg==
    dependencies:
      locate-path "^3.0.0"
  
  firebase@^9.12.1:
    version "9.12.1"
    resolved "https://registry.yarnpkg.com/firebase/-/firebase-9.12.1.tgz#f2ef2560a3a122bcf82dee09d5ae3a3805bb890a"
    integrity sha512-sBp4rvkCC7TUnGeneRNs6GVcajO+iSXmYjxqXN4FsrBzldJ5/AOnDXf4bi9OUZtQSl+EHDgUWShBieht15ijgQ==
    dependencies:
      "@firebase/analytics" "0.8.3"
      "@firebase/analytics-compat" "0.1.16"
      "@firebase/app" "0.8.2"
      "@firebase/app-check" "0.5.15"
      "@firebase/app-check-compat" "0.2.15"
      "@firebase/app-compat" "0.1.37"
      "@firebase/app-types" "0.8.0"
      "@firebase/auth" "0.20.10"
      "@firebase/auth-compat" "0.2.23"
      "@firebase/database" "0.13.9"
      "@firebase/database-compat" "0.2.9"
      "@firebase/firestore" "3.7.1"
      "@firebase/firestore-compat" "0.2.1"
      "@firebase/functions" "0.8.7"
      "@firebase/functions-compat" "0.2.7"
      "@firebase/installations" "0.5.15"
      "@firebase/installations-compat" "0.1.15"
      "@firebase/messaging" "0.9.19"
      "@firebase/messaging-compat" "0.1.19"
      "@firebase/performance" "0.5.15"
      "@firebase/performance-compat" "0.1.15"
      "@firebase/remote-config" "0.3.14"
      "@firebase/remote-config-compat" "0.1.15"
      "@firebase/storage" "0.9.12"
      "@firebase/storage-compat" "0.1.20"
      "@firebase/util" "1.7.2"
  
  fs.realpath@^1.0.0:
    version "1.0.0"
    resolved "https://registry.npmjs.org/fs.realpath/-/fs.realpath-1.0.0.tgz"
    integrity sha512-OO0pH2lK6a0hZnAdau5ItzHPI6pUlvI7jMVnxUQRtw4owF2wk8lOSabtGDCTP4Ggrg2MbGnWO9X8K1t4+fGMDw==
  
  get-caller-file@^2.0.5:
    version "2.0.5"
    resolved "https://registry.npmjs.org/get-caller-file/-/get-caller-file-2.0.5.tgz"
    integrity sha512-DyFP3BM/3YHTQOCUL/w0OZHR0lpKeGrxotcHWcqNEdnltqFwXVfhEBQ94eIo34AfQpo0rGki4cyIiftY06h2Fg==
  
  glob@^7.1.3:
    version "7.2.3"
    resolved "https://registry.npmjs.org/glob/-/glob-7.2.3.tgz"
    integrity sha512-nFR0zLpU2YCaRxwoCJvL6UvCH2JFyFVIvwTLsIf21AuHlMskA1hhTdk+LlYJtOlYt9v6dvszD2BGRqBL+iQK9Q==
    dependencies:
      fs.realpath "^1.0.0"
      inflight "^1.0.4"
      inherits "2"
      minimatch "^3.1.1"
      once "^1.3.0"
      path-is-absolute "^1.0.0"
  
  http-parser-js@>=0.5.1:
    version "0.5.8"
    resolved "https://registry.npmjs.org/http-parser-js/-/http-parser-js-0.5.8.tgz"
    integrity sha512-SGeBX54F94Wgu5RH3X5jsDtf4eHyRogWX1XGT3b4HuW3tQPM4AaBzoUji/4AAJNXCEOWZ5O0DgZmJw1947gD5Q==
  
  idb@7.0.1:
    version "7.0.1"
    resolved "https://registry.npmjs.org/idb/-/idb-7.0.1.tgz"
    integrity sha512-UUxlE7vGWK5RfB/fDwEGgRf84DY/ieqNha6msMV99UsEMQhJ1RwbCd8AYBj3QMgnE3VZnfQvm4oKVCJTYlqIgg==
  
  immediate@~3.0.5:
    version "3.0.6"
    resolved "https://registry.npmjs.org/immediate/-/immediate-3.0.6.tgz"
    integrity sha512-XXOFtyqDjNDAQxVfYxuF7g9Il/IbWmmlQg2MYKOH8ExIT1qg6xc4zyS3HaEEATgs1btfzxq15ciUiY7gjSXRGQ==
  
  inflight@^1.0.4:
    version "1.0.6"
    resolved "https://registry.npmjs.org/inflight/-/inflight-1.0.6.tgz"
    integrity sha512-k92I/b08q4wvFscXCLvqfsHCrjrF7yiXsQuIVvVE7N82W3+aqpzuUdBbfhWcy/FZR3/4IgflMgKLOsvPDrGCJA==
    dependencies:
      once "^1.3.0"
      wrappy "1"
  
  inherits@2, inherits@~2.0.3:
    version "2.0.4"
    resolved "https://registry.npmjs.org/inherits/-/inherits-2.0.4.tgz"
    integrity sha512-k/vGaX4/Yla3WzyMCvTQOXYeIHvqOKtnqBduzTHpzpQZzAskKMhZ2K+EnBiSM9zGSoIFeMpXKxa4dYeZIQqewQ==
  
  is-fullwidth-code-point@^3.0.0:
    version "3.0.0"
    resolved "https://registry.npmjs.org/is-fullwidth-code-point/-/is-fullwidth-code-point-3.0.0.tgz"
    integrity sha512-zymm5+u+sCsSWyD9qNaejV3DFvhCKclKdizYaJUuHA83RLjb7nSuGnddCHGv0hk+KY7BMAlsWeK4Ueg6EV6XQg==
  
  is-obj@^2.0.0:
    version "2.0.0"
    resolved "https://registry.yarnpkg.com/is-obj/-/is-obj-2.0.0.tgz#473fb05d973705e3fd9620545018ca8e22ef4982"
    integrity sha512-drqDG3cbczxxEJRoOXcOjtdp1J/lyp1mNn0xaznRs8+muBhgQcrnbspox5X5fOw0HnMnbfDzvnEMEtqDEJEo8w==
  
  isarray@~1.0.0:
    version "1.0.0"
    resolved "https://registry.npmjs.org/isarray/-/isarray-1.0.0.tgz"
    integrity sha512-VLghIWNM6ELQzo7zwmcg0NmTVyWKYjvIeM83yjp0wRDTmUnrM678fQbcKBo6n2CJEF0szoG//ytg+TKla89ALQ==
  
  json-schema-traverse@^1.0.0:
    version "1.0.0"
    resolved "https://registry.yarnpkg.com/json-schema-traverse/-/json-schema-traverse-1.0.0.tgz#ae7bcb3656ab77a73ba5c49bf654f38e6b6860e2"
    integrity sha512-NM8/P9n3XjXhIZn1lLhkFaACTOURQXjWhV4BA/RnOv8xvgqtqpAX9IO4mRQxSx1Rlo4tqzeqb0sOlruaOy3dug==
  
  json-schema-typed@^7.0.3:
    version "7.0.3"
    resolved "https://registry.yarnpkg.com/json-schema-typed/-/json-schema-typed-7.0.3.tgz#23ff481b8b4eebcd2ca123b4fa0409e66469a2d9"
    integrity sha512-7DE8mpG+/fVw+dTpjbxnx47TaMnDfOI1jwft9g1VybltZCduyRQPJPvc+zzKY9WPHxhPWczyFuYa6I8Mw4iU5A==
  
  jszip@^3.6.0:
    version "3.10.1"
    resolved "https://registry.npmjs.org/jszip/-/jszip-3.10.1.tgz"
    integrity sha512-xXDvecyTpGLrqFrvkrUSoxxfJI5AH7U8zxxtVclpsUtMCq4JQ290LY8AW5c7Ggnr/Y/oK+bQMbqK2qmtk3pN4g==
    dependencies:
      lie "~3.3.0"
      pako "~1.0.2"
      readable-stream "~2.3.6"
      setimmediate "^1.0.5"
  
  lie@~3.3.0:
    version "3.3.0"
    resolved "https://registry.npmjs.org/lie/-/lie-3.3.0.tgz"
    integrity sha512-UaiMJzeWRlEujzAuw5LokY1L5ecNQYZKfmyZ9L7wDHb/p5etKaxXhohBcrw0EYby+G/NA52vRSN4N39dxHAIwQ==
    dependencies:
      immediate "~3.0.5"
  
  locate-path@^3.0.0:
    version "3.0.0"
    resolved "https://registry.yarnpkg.com/locate-path/-/locate-path-3.0.0.tgz#dbec3b3ab759758071b58fe59fc41871af21400e"
    integrity sha512-7AO748wWnIhNqAuaty2ZWHkQHRSNfPVIsPIfwEOWO22AmaoVrWavlOcMR5nzTLNYvp36X220/maaRsrec1G65A==
    dependencies:
      p-locate "^3.0.0"
      path-exists "^3.0.0"
  
  lodash.camelcase@^4.3.0:
    version "4.3.0"
    resolved "https://registry.npmjs.org/lodash.camelcase/-/lodash.camelcase-4.3.0.tgz"
    integrity sha512-TwuEnCnxbc3rAvhf/LbG7tJUDzhqXyFnv3dtzLOPgCG/hODL7WFnsbwktkD7yUV0RrreP/l1PALq/YSg6VvjlA==
  
  long@^4.0.0:
    version "4.0.0"
    resolved "https://registry.npmjs.org/long/-/long-4.0.0.tgz"
    integrity sha512-XsP+KhQif4bjX1kbuSiySJFNAehNxgLb6hPRGJ9QsUr8ajHkuXGdrHmFUTUUXhDwVX2R5bY4JNZEwbUiMhV+MA==
  
  long@^5.0.0:
    version "5.2.0"
    resolved "https://registry.npmjs.org/long/-/long-5.2.0.tgz"
    integrity sha512-9RTUNjK60eJbx3uz+TEGF7fUr29ZDxR5QzXcyDpeSfeH28S9ycINflOgOlppit5U+4kNTe83KQnMEerw7GmE8w==
  
  lru-cache@^6.0.0:
    version "6.0.0"
    resolved "https://registry.yarnpkg.com/lru-cache/-/lru-cache-6.0.0.tgz#6d6fe6570ebd96aaf90fcad1dafa3b2566db3a94"
    integrity sha512-Jo6dJ04CmSjuznwJSS3pUeWmd/H0ffTlkXXgwZi+eq1UCmqQwCh+eLsYOYCwY991i2Fah4h1BEMCx4qThGbsiA==
    dependencies:
      yallist "^4.0.0"
  
  mimic-fn@^2.1.0:
    version "2.1.0"
    resolved "https://registry.yarnpkg.com/mimic-fn/-/mimic-fn-2.1.0.tgz#7ed2c2ccccaf84d3ffcb7a69b57711fc2083401b"
    integrity sha512-OqbOk5oEQeAZ8WXWydlu9HJjz9WVdEIvamMCcXmuqUYjTknH/sqsWvhQ3vgwKFRR1HpjvNBKQ37nbJgYzGqGcg==
  
  mimic-fn@^3.0.0:
    version "3.1.0"
    resolved "https://registry.yarnpkg.com/mimic-fn/-/mimic-fn-3.1.0.tgz#65755145bbf3e36954b949c16450427451d5ca74"
    integrity sha512-Ysbi9uYW9hFyfrThdDEQuykN4Ey6BuwPD2kpI5ES/nFTDn/98yxYNLZJcgUAKPT/mcrLLKaGzJR9YVxJrIdASQ==
  
  minimatch@^3.1.1:
    version "3.1.2"
    resolved "https://registry.npmjs.org/minimatch/-/minimatch-3.1.2.tgz"
    integrity sha512-J7p63hRiAjw1NDEww1W7i37+ByIrOWO5XQQAzZ3VOcL0PNybwpfmV/N05zFAzwQ9USyEcX6t3UO+K5aqBQOIHw==
    dependencies:
      brace-expansion "^1.1.7"
  
  node-fetch@2.6.7:
    version "2.6.7"
    resolved "https://registry.npmjs.org/node-fetch/-/node-fetch-2.6.7.tgz"
    integrity sha512-ZjMPFEfVx5j+y2yF35Kzx5sF7kDzxuDj6ziH4FFbOp87zKDZNx8yExJIb05OGF4Nlt9IHFIMBkRl41VdvcNdbQ==
    dependencies:
      whatwg-url "^5.0.0"
  
  once@^1.3.0:
    version "1.4.0"
    resolved "https://registry.npmjs.org/once/-/once-1.4.0.tgz"
    integrity sha512-lNaJgI+2Q5URQBkccEKHTQOPaXdUxnZZElQTZY0MFUAuaEqe1E+Nyvgdz/aIyNi6Z9MzO5dv1H8n58/GELp3+w==
    dependencies:
      wrappy "1"
  
  onetime@^5.1.2:
    version "5.1.2"
    resolved "https://registry.yarnpkg.com/onetime/-/onetime-5.1.2.tgz#d0e96ebb56b07476df1dd9c4806e5237985ca45e"
    integrity sha512-kbpaSSGJTWdAY5KPVeMOKXSrPtr8C8C7wodJbcsd51jRnmD+GZu8Y0VoU6Dm5Z4vWr0Ig/1NKuWRKf7j5aaYSg==
    dependencies:
      mimic-fn "^2.1.0"
  
  p-limit@^2.0.0:
    version "2.3.0"
    resolved "https://registry.yarnpkg.com/p-limit/-/p-limit-2.3.0.tgz#3dd33c647a214fdfffd835933eb086da0dc21db1"
    integrity sha512-//88mFWSJx8lxCzwdAABTJL2MyWB12+eIY7MDL2SqLmAkeKU9qxRvWuSyTjm3FUmpBEMuFfckAIqEaVGUDxb6w==
    dependencies:
      p-try "^2.0.0"
  
  p-locate@^3.0.0:
    version "3.0.0"
    resolved "https://registry.yarnpkg.com/p-locate/-/p-locate-3.0.0.tgz#322d69a05c0264b25997d9f40cd8a891ab0064a4"
    integrity sha512-x+12w/To+4GFfgJhBEpiDcLozRJGegY+Ei7/z0tSLkMmxGZNybVMSfWj9aJn8Z5Fc7dBUNJOOVgPv2H7IwulSQ==
    dependencies:
      p-limit "^2.0.0"
  
  p-try@^2.0.0:
    version "2.2.0"
    resolved "https://registry.yarnpkg.com/p-try/-/p-try-2.2.0.tgz#cb2868540e313d61de58fafbe35ce9004d5540e6"
    integrity sha512-R4nPAVTAU0B9D35/Gk3uJf/7XYbQcyohSKdvAxIRSNghFl4e71hVoGnBNQz9cWaXxO2I10KTC+3jMdvvoKw6dQ==
  
  pako@~1.0.2:
    version "1.0.11"
    resolved "https://registry.npmjs.org/pako/-/pako-1.0.11.tgz"
    integrity sha512-4hLB8Py4zZce5s4yd9XzopqwVv/yGNhV1Bl8NTmCq1763HeK2+EwVTv+leGeL13Dnh2wfbqowVPXCIO0z4taYw==
  
  path-exists@^3.0.0:
    version "3.0.0"
    resolved "https://registry.yarnpkg.com/path-exists/-/path-exists-3.0.0.tgz#ce0ebeaa5f78cb18925ea7d810d7b59b010fd515"
    integrity sha512-bpC7GYwiDYQ4wYLe+FA8lhRjhQCMcQGuSgGGqDkg/QerRWw9CmGRT0iSOVRSZJ29NMLZgIzqaljJ63oaL4NIJQ==
  
  path-is-absolute@^1.0.0:
    version "1.0.1"
    resolved "https://registry.npmjs.org/path-is-absolute/-/path-is-absolute-1.0.1.tgz"
    integrity sha512-AVbw3UJ2e9bq64vSaS9Am0fje1Pa8pbGqTTsmXfaIiMpnr5DlDhfJOuLj9Sf95ZPVDAUerDfEk88MPmPe7UCQg==
  
  pkg-up@^3.1.0:
    version "3.1.0"
    resolved "https://registry.yarnpkg.com/pkg-up/-/pkg-up-3.1.0.tgz#100ec235cc150e4fd42519412596a28512a0def5"
    integrity sha512-nDywThFk1i4BQK4twPQ6TA4RT8bDY96yeuCVBWL3ePARCiEKDRSrNGbFIgUJpLp+XeIR65v8ra7WuJOFUBtkMA==
    dependencies:
      find-up "^3.0.0"
  
  process-nextick-args@~2.0.0:
    version "2.0.1"
    resolved "https://registry.npmjs.org/process-nextick-args/-/process-nextick-args-2.0.1.tgz"
    integrity sha512-3ouUOpQhtgrbOa17J7+uxOTpITYWaGP7/AhoR3+A+/1e9skrzelGi/dXzEYyvbxubEF6Wn2ypscTKiKJFFn1ag==
  
  protobufjs@^6.11.3:
    version "6.11.3"
    resolved "https://registry.npmjs.org/protobufjs/-/protobufjs-6.11.3.tgz"
    integrity sha512-xL96WDdCZYdU7Slin569tFX712BxsxslWwAfAhCYjQKGTq7dAU91Lomy6nLLhh/dyGhk/YH4TwTSRxTzhuHyZg==
    dependencies:
      "@protobufjs/aspromise" "^1.1.2"
      "@protobufjs/base64" "^1.1.2"
      "@protobufjs/codegen" "^2.0.4"
      "@protobufjs/eventemitter" "^1.1.0"
      "@protobufjs/fetch" "^1.1.0"
      "@protobufjs/float" "^1.0.2"
      "@protobufjs/inquire" "^1.1.0"
      "@protobufjs/path" "^1.1.2"
      "@protobufjs/pool" "^1.1.0"
      "@protobufjs/utf8" "^1.1.0"
      "@types/long" "^4.0.1"
      "@types/node" ">=13.7.0"
      long "^4.0.0"
  
  protobufjs@^7.0.0:
    version "7.1.2"
    resolved "https://registry.npmjs.org/protobufjs/-/protobufjs-7.1.2.tgz"
    integrity sha512-4ZPTPkXCdel3+L81yw3dG6+Kq3umdWKh7Dc7GW/CpNk4SX3hK58iPCWeCyhVTDrbkNeKrYNZ7EojM5WDaEWTLQ==
    dependencies:
      "@protobufjs/aspromise" "^1.1.2"
      "@protobufjs/base64" "^1.1.2"
      "@protobufjs/codegen" "^2.0.4"
      "@protobufjs/eventemitter" "^1.1.0"
      "@protobufjs/fetch" "^1.1.0"
      "@protobufjs/float" "^1.0.2"
      "@protobufjs/inquire" "^1.1.0"
      "@protobufjs/path" "^1.1.2"
      "@protobufjs/pool" "^1.1.0"
      "@protobufjs/utf8" "^1.1.0"
      "@types/node" ">=13.7.0"
      long "^5.0.0"
  
  punycode@^2.1.0:
    version "2.1.1"
    resolved "https://registry.yarnpkg.com/punycode/-/punycode-2.1.1.tgz#b58b010ac40c22c5657616c8d2c2c02c7bf479ec"
    integrity sha512-XRsRjdf+j5ml+y/6GKHPZbrF/8p2Yga0JPtdqTIY2Xe5ohJPD9saDJJLPvp9+NSBprVvevdXZybnj2cv8OEd0A==
  
  readable-stream@~2.3.6:
    version "2.3.7"
    resolved "https://registry.npmjs.org/readable-stream/-/readable-stream-2.3.7.tgz"
    integrity sha512-Ebho8K4jIbHAxnuxi7o42OrZgF/ZTNcsZj6nRKyUmkhLFq8CHItp/fy6hQZuZmP/n3yZ9VBUbp4zz/mX8hmYPw==
    dependencies:
      core-util-is "~1.0.0"
      inherits "~2.0.3"
      isarray "~1.0.0"
      process-nextick-args "~2.0.0"
      safe-buffer "~5.1.1"
      string_decoder "~1.1.1"
      util-deprecate "~1.0.1"
  
  require-directory@^2.1.1:
    version "2.1.1"
    resolved "https://registry.npmjs.org/require-directory/-/require-directory-2.1.1.tgz"
    integrity sha512-fGxEI7+wsG9xrvdjsrlmL22OMTTiHRwAMroiEeMgq8gzoLC/PQr7RsRDSTLUg/bZAZtF+TVIkHc6/4RIKrui+Q==
  
  require-from-string@^2.0.2:
    version "2.0.2"
    resolved "https://registry.yarnpkg.com/require-from-string/-/require-from-string-2.0.2.tgz#89a7fdd938261267318eafe14f9c32e598c36909"
    integrity sha512-Xf0nWe6RseziFMu+Ap9biiUbmplq6S9/p+7w7YXP/JBHhrUDDUhwa+vANyubuqfZWTveU//DYVGsDG7RKL/vEw==
  
  rimraf@^3.0.0:
    version "3.0.2"
    resolved "https://registry.npmjs.org/rimraf/-/rimraf-3.0.2.tgz"
    integrity sha512-JZkJMZkAGFFPP2YqXZXPbMlMBgsxzE8ILs4lMIX/2o0L9UBw9O/Y3o6wFw/i9YLapcUJWwqbi3kdxIPdC62TIA==
    dependencies:
      glob "^7.1.3"
  
  safe-buffer@>=5.1.0:
    version "5.2.1"
    resolved "https://registry.npmjs.org/safe-buffer/-/safe-buffer-5.2.1.tgz"
    integrity sha512-rp3So07KcdmmKbGvgaNxQSJr7bGVSVk5S9Eq1F+ppbRo70+YeaDxkw5Dd8NPN+GD6bjnYm2VuPuCXmpuYvmCXQ==
  
  safe-buffer@~5.1.0, safe-buffer@~5.1.1:
    version "5.1.2"
    resolved "https://registry.npmjs.org/safe-buffer/-/safe-buffer-5.1.2.tgz"
    integrity sha512-Gd2UZBJDkXlY7GbJxfsE8/nvKkUEU1G38c1siN6QP6a9PT9MmHB8GnpscSmMJSoF8LOIrt8ud/wPtojys4G6+g==
  
  selenium-webdriver@4.1.2:
    version "4.1.2"
    resolved "https://registry.npmjs.org/selenium-webdriver/-/selenium-webdriver-4.1.2.tgz"
    integrity sha512-e4Ap8vQvhipgBB8Ry9zBiKGkU6kHKyNnWiavGGLKkrdW81Zv7NVMtFOL/j3yX0G8QScM7XIXijKssNd4EUxSOw==
    dependencies:
      jszip "^3.6.0"
      tmp "^0.2.1"
      ws ">=7.4.6"
  
  semver@^7.3.5:
    version "7.3.8"
    resolved "https://registry.yarnpkg.com/semver/-/semver-7.3.8.tgz#07a78feafb3f7b32347d725e33de7e2a2df67798"
    integrity sha512-NB1ctGL5rlHrPJtFDVIVzTyQylMLu9N9VICA6HSFJo8MCGVTMW6gfpicwKmmK/dAjTOrqu5l63JJOpDSrAis3A==
    dependencies:
      lru-cache "^6.0.0"
  
  setimmediate@^1.0.5:
    version "1.0.5"
    resolved "https://registry.npmjs.org/setimmediate/-/setimmediate-1.0.5.tgz"
    integrity sha512-MATJdZp8sLqDl/68LfQmbP8zKPLQNV6BIZoIgrscFDQ+RsvK/BxeDQOgyxKKoh0y/8h3BqVFnCqQ/gd+reiIXA==
  
  string-width@^4.1.0, string-width@^4.2.0:
    version "4.2.3"
    resolved "https://registry.npmjs.org/string-width/-/string-width-4.2.3.tgz"
    integrity sha512-wKyQRQpjJ0sIp62ErSZdGsjMJWsap5oRNihHhu6G7JVO/9jIB6UyevL+tXuOqrng8j/cxKTWyWUwvSTriiZz/g==
    dependencies:
      emoji-regex "^8.0.0"
      is-fullwidth-code-point "^3.0.0"
      strip-ansi "^6.0.1"
  
  string_decoder@~1.1.1:
    version "1.1.1"
    resolved "https://registry.npmjs.org/string_decoder/-/string_decoder-1.1.1.tgz"
    integrity sha512-n/ShnvDi6FHbbVfviro+WojiFzv+s8MPMHBczVePfUpDJLwoLT0ht1l4YwBCbi8pJAveEEdnkHyPyTP/mzRfwg==
    dependencies:
      safe-buffer "~5.1.0"
  
  strip-ansi@^6.0.0, strip-ansi@^6.0.1:
    version "6.0.1"
    resolved "https://registry.npmjs.org/strip-ansi/-/strip-ansi-6.0.1.tgz"
    integrity sha512-Y38VPSHcqkFrCpFnQ9vuSXmquuv5oXOKpGeT6aGrr3o3Gc9AlVa6JBfUSOCnbxGGZF+/0ooI7KrPuUSztUdU5A==
    dependencies:
      ansi-regex "^5.0.1"
  
  tmp@^0.2.1:
    version "0.2.1"
    resolved "https://registry.npmjs.org/tmp/-/tmp-0.2.1.tgz"
    integrity sha512-76SUhtfqR2Ijn+xllcI5P1oyannHNHByD80W1q447gU3mp9G9PSpGdWmjUOHRDPiHYacIk66W7ubDTuPF3BEtQ==
    dependencies:
      rimraf "^3.0.0"
  
  tr46@~0.0.3:
    version "0.0.3"
    resolved "https://registry.npmjs.org/tr46/-/tr46-0.0.3.tgz"
    integrity sha512-N3WMsuqV66lT30CrXNbEjx4GEwlow3v6rr4mCcv6prnfwhS01rkgyFdjPNBYd9br7LpXV1+Emh01fHnq2Gdgrw==
  
  tslib@^2.1.0:
    version "2.4.0"
    resolved "https://registry.npmjs.org/tslib/-/tslib-2.4.0.tgz"
    integrity sha512-d6xOpEDfsi2CZVlPQzGeux8XMwLT9hssAsaPYExaQMuYskwb+x1x7J371tWlbBdWHroy99KnVB6qIkUbs5X3UQ==
  
  uri-js@^4.2.2:
    version "4.4.1"
    resolved "https://registry.yarnpkg.com/uri-js/-/uri-js-4.4.1.tgz#9b1a52595225859e55f669d928f88c6c57f2a77e"
    integrity sha512-7rKUyy33Q1yc98pQ1DAmLtwX109F7TIfWlW1Ydo8Wl1ii1SeHieeh0HHfPeL2fMXK6z0s8ecKs9frCuLJvndBg==
    dependencies:
      punycode "^2.1.0"
  
  util-deprecate@~1.0.1:
    version "1.0.2"
    resolved "https://registry.npmjs.org/util-deprecate/-/util-deprecate-1.0.2.tgz"
    integrity sha512-EPD5q1uXyFxJpCrLnCc1nHnq3gOa6DZBocAIiI2TaSCA7VCJ1UJDMagCzIkXNsUYfD1daK//LTEQ8xiIbrHtcw==
  
  webidl-conversions@^3.0.0:
    version "3.0.1"
    resolved "https://registry.npmjs.org/webidl-conversions/-/webidl-conversions-3.0.1.tgz"
    integrity sha512-2JAn3z8AR6rjK8Sm8orRC0h/bcl/DqL7tRPdGZ4I1CjdF+EaMLmYxBHyXuKL849eucPFhvBoxMsflfOb8kxaeQ==
  
  websocket-driver@>=0.5.1:
    version "0.7.4"
    resolved "https://registry.npmjs.org/websocket-driver/-/websocket-driver-0.7.4.tgz"
    integrity sha512-b17KeDIQVjvb0ssuSDF2cYXSg2iztliJ4B9WdsuB6J952qCPKmnVq4DyW5motImXHDC1cBT/1UezrJVsKw5zjg==
    dependencies:
      http-parser-js ">=0.5.1"
      safe-buffer ">=5.1.0"
      websocket-extensions ">=0.1.1"
  
  websocket-extensions@>=0.1.1:
    version "0.1.4"
    resolved "https://registry.npmjs.org/websocket-extensions/-/websocket-extensions-0.1.4.tgz"
    integrity sha512-OqedPIGOfsDlo31UNwYbCFMSaO9m9G/0faIHj5/dZFDMFqPTcx6UwqyOy3COEaEOg/9VsGIpdqn62W5KhoKSpg==
  
  whatwg-url@^5.0.0:
    version "5.0.0"
    resolved "https://registry.npmjs.org/whatwg-url/-/whatwg-url-5.0.0.tgz"
    integrity sha512-saE57nupxk6v3HY35+jzBwYa0rKSy0XR8JSxZPwgLr7ys0IBzhGviA1/TUGJLmSVqs8pb9AnvICXEuOHLprYTw==
    dependencies:
      tr46 "~0.0.3"
      webidl-conversions "^3.0.0"
  
  wrap-ansi@^7.0.0:
    version "7.0.0"
    resolved "https://registry.npmjs.org/wrap-ansi/-/wrap-ansi-7.0.0.tgz"
    integrity sha512-YVGIj2kamLSTxw6NsZjoBxfSwsn0ycdesmc4p+Q21c5zPuZ1pl+NfxVdxPtdHvmNVOQ6XSYG4AUtyt/Fi7D16Q==
    dependencies:
      ansi-styles "^4.0.0"
      string-width "^4.1.0"
      strip-ansi "^6.0.0"
  
  wrappy@1:
    version "1.0.2"
    resolved "https://registry.npmjs.org/wrappy/-/wrappy-1.0.2.tgz"
    integrity sha512-l4Sp/DRseor9wL6EvV2+TuQn63dMkPjZ/sp9XkghTEbV9KlPS1xUsZ3u7/IQO4wxtcFB4bgpQPRcR3QCvezPcQ==
  
  ws@>=7.4.6:
    version "8.9.0"
    resolved "https://registry.npmjs.org/ws/-/ws-8.9.0.tgz"
    integrity sha512-Ja7nszREasGaYUYCI2k4lCKIRTt+y7XuqVoHR44YpI49TtryyqbqvDMn5eqfW7e6HzTukDRIsXqzVHScqRcafg==
  
  y18n@^5.0.5:
    version "5.0.8"
    resolved "https://registry.npmjs.org/y18n/-/y18n-5.0.8.tgz"
    integrity sha512-0pfFzegeDWJHJIAmTLRP2DwHjdF5s7jo9tuztdQxAhINCdvS+3nGINqPd00AphqJR/0LhANUS6/+7SCb98YOfA==
  
  yallist@^4.0.0:
    version "4.0.0"
    resolved "https://registry.yarnpkg.com/yallist/-/yallist-4.0.0.tgz#9bb92790d9c0effec63be73519e11a35019a3a72"
    integrity sha512-3wdGidZyq5PB084XLES5TpOSRA3wjXAlIWMhum2kRcv/41Sn2emQ0dycQW4uZXLejwKvg6EsvbdlVL+FYEct7A==
  
  yargs-parser@^20.2.2:
    version "20.2.9"
    resolved "https://registry.npmjs.org/yargs-parser/-/yargs-parser-20.2.9.tgz"
    integrity sha512-y11nGElTIV+CT3Zv9t7VKl+Q3hTQoT9a1Qzezhhl6Rp21gJ/IVTW7Z3y9EWXhuUBC2Shnf+DX0antecpAwSP8w==
  
  yargs@^16.2.0:
    version "16.2.0"
    resolved "https://registry.npmjs.org/yargs/-/yargs-16.2.0.tgz"
    integrity sha512-D1mvvtDG0L5ft/jGWkLpG1+m0eQxOfaBvTNELraWj22wSVUMWxZUvYgJYcKh6jGGIkJFhH4IZPQhR4TKpc8mBw==
    dependencies:
      cliui "^7.0.2"
      escalade "^3.1.1"
      get-caller-file "^2.0.5"
      require-directory "^2.1.1"
      string-width "^4.2.0"
      y18n "^5.0.5"
      yargs-parser "^20.2.2"
